<?xml version="1.0" encoding="UTF-8"?>
<!-- Generated by org.testng.reporters.JUnitReportReporter -->
<testsuite skipped="0" hostname="BLT029" name="com.cts.openemrtest.LoginTest" tests="2" failures="0" timestamp="27 Feb 2020 10:53:07 GMT" time="26.778" errors="0">
  <testcase name="invalidCredentialTest" time="10.448" classname="com.cts.openemrtest.LoginTest"/>
  <testcase name="validCredentialsTest" time="16.330" classname="com.cts.openemrtest.LoginTest"/>
</testsuite> <!-- com.cts.openemrtest.LoginTest -->
